<?xml version="1.0" encoding="UTF-8"?>
<!-- Generated by org.testng.reporters.JUnitReportReporter -->
<testsuite hostname="DESKTOP-141UIPT" failures="0" tests="1" name="TestToGithub.TestingForGIt" time="0.021" errors="0" timestamp="10 Mar 2022 10:00:38 GMT" skipped="0">
  <testcase classname="TestToGithub.TestingForGIt" name="connectToGitHub1" time="0.021"/>
</testsuite> <!-- TestToGithub.TestingForGIt -->
