<?xml version="1.0" encoding="UTF-8"?>
<!-- Generated by org.testng.reporters.JUnitReportReporter -->
<testsuite hostname="DESKTOP-141UIPT" failures="0" tests="1" name="TestToGithub.TestingForGitHub" time="0.011" errors="0" timestamp="10 Mar 2022 09:43:56 GMT" skipped="0">
  <testcase classname="TestToGithub.TestingForGitHub" name="connectToGitHub" time="0.011"/>
</testsuite> <!-- TestToGithub.TestingForGitHub -->
